<?xml version="1.0" encoding="UTF-8"?>
<!-- Generated by org.testng.reporters.JUnitXMLReporter -->
<testsuite ignored="1" hostname="EPPLGDAW0706" failures="0" tests="7" name="Surefire test" time="0.057" errors="0" timestamp="2022-03-30T08:36:02 CEST">
  <testcase classname="com.epam.gameoflife.MatrixTest" name="testCountAliveNeighbors" time="0.001"/>
  <testcase classname="com.epam.gameoflife.MatrixTest" name="testFillTheGrid" time="0.0"/>
  <testcase classname="com.epam.gameoflife.MatrixTest" name="testGetTheMidpoint" time="0.0"/>
  <testcase classname="com.epam.gameoflife.MatrixTest" name="testInjectTheSeed" time="0.0"/>
  <testcase classname="com.epam.gameoflife.MatrixTest" name="testRedefineTheSizeOfTheMatrix" time="0.0"/>
  <testcase classname="com.epam.gameoflife.GameTest" name="testGameWorldCreation" time="0.001"/>
  <testcase classname="com.epam.gameoflife.ShapesTest" name="testNumberToShape" time="0.0"/>
  <testcase classname="com.epam.gameoflife.ShapesTest" name="shouldBeAbleToGetShapeStringFromEnum" time="0.0">
    <ignored/>
  </testcase> <!-- shouldBeAbleToGetShapeStringFromEnum -->
</testsuite> <!-- Surefire test -->
