<?xml version="1.0" encoding="UTF-8"?>
<testsuite xmlns:xsi="http://www.w3.org/2001/XMLSchema-instance" xsi:noNamespaceSchemaLocation="https://maven.apache.org/surefire/maven-surefire-plugin/xsd/surefire-test-report.xsd" name="TestSuite" time="0.345" tests="7" errors="0" skipped="0" failures="0">
  <properties>
[...]
</properties>
  <testcase name="testCountAliveNeighbors" classname="com.epam.gameoflife.MatrixTest" time="0.001"/>
  <testcase name="testFillTheGrid" classname="com.epam.gameoflife.MatrixTest" time="0"/>
  <testcase name="testGetTheMidpoint" classname="com.epam.gameoflife.MatrixTest" time="0"/>
  <testcase name="testInjectTheSeed" classname="com.epam.gameoflife.MatrixTest" time="0"/>
  <testcase name="testRedefineTheSizeOfTheMatrix" classname="com.epam.gameoflife.MatrixTest" time="0"/>
  <testcase name="testGameWorldCreation" classname="com.epam.gameoflife.GameTest" time="0.001"/>
  <testcase name="testNumberToShape" classname="com.epam.gameoflife.ShapesTest" time="0"/>
</testsuite>