<?xml version="1.0" encoding="UTF-8"?>
<testng-results ignored="1" total="8" passed="7" failed="0" skipped="0">
  <reporter-output>
  </reporter-output>
  <suite started-at="2022-03-30T08:36:02 CEST" name="Surefire suite" finished-at="2022-03-30T08:36:02 CEST" duration-ms="57">
    <groups>
    </groups>
    <test started-at="2022-03-30T08:36:02 CEST" name="Surefire test" finished-at="2022-03-30T08:36:02 CEST" duration-ms="57">
      <class name="com.epam.gameoflife.MatrixTest">
        <test-method is-config="true" signature="setup()[pri:0, instance:com.epam.gameoflife.MatrixTest@6ccdb29f]" started-at="2022-03-30T08:36:02 CEST" name="setup" finished-at="2022-03-30T08:36:02 CEST" duration-ms="9" status="PASS">
          <reporter-output>
          </reporter-output>
        </test-method> <!-- setup -->
        <test-method signature="testCountAliveNeighbors()[pri:0, instance:com.epam.gameoflife.MatrixTest@6ccdb29f]" started-at="2022-03-30T08:36:02 CEST" name="testCountAliveNeighbors" finished-at="2022-03-30T08:36:02 CEST" duration-ms="1" status="PASS">
          <reporter-output>
          </reporter-output>
        </test-method> <!-- testCountAliveNeighbors -->
        <test-method is-config="true" signature="setup()[pri:0, instance:com.epam.gameoflife.MatrixTest@6ccdb29f]" started-at="2022-03-30T08:36:02 CEST" name="setup" finished-at="2022-03-30T08:36:02 CEST" duration-ms="1" status="PASS">
          <reporter-output>
          </reporter-output>
        </test-method> <!-- setup -->
        <test-method signature="testFillTheGrid()[pri:0, instance:com.epam.gameoflife.MatrixTest@6ccdb29f]" started-at="2022-03-30T08:36:02 CEST" name="testFillTheGrid" finished-at="2022-03-30T08:36:02 CEST" duration-ms="0" status="PASS">
          <reporter-output>
          </reporter-output>
        </test-method> <!-- testFillTheGrid -->
        <test-method is-config="true" signature="setup()[pri:0, instance:com.epam.gameoflife.MatrixTest@6ccdb29f]" started-at="2022-03-30T08:36:02 CEST" name="setup" finished-at="2022-03-30T08:36:02 CEST" duration-ms="1" status="PASS">
          <reporter-output>
          </reporter-output>
        </test-method> <!-- setup -->
        <test-method is-config="true" signature="setup()[pri:0, instance:com.epam.gameoflife.MatrixTest@6ccdb29f]" started-at="2022-03-30T08:36:02 CEST" name="setup" finished-at="2022-03-30T08:36:02 CEST" duration-ms="1" status="PASS">
          <reporter-output>
          </reporter-output>
        </test-method> <!-- setup -->
        <test-method signature="testGetTheMidpoint()[pri:0, instance:com.epam.gameoflife.MatrixTest@6ccdb29f]" started-at="2022-03-30T08:36:02 CEST" name="testGetTheMidpoint" finished-at="2022-03-30T08:36:02 CEST" duration-ms="0" status="PASS">
          <reporter-output>
          </reporter-output>
        </test-method> <!-- testGetTheMidpoint -->
        <test-method signature="testInjectTheSeed()[pri:0, instance:com.epam.gameoflife.MatrixTest@6ccdb29f]" started-at="2022-03-30T08:36:02 CEST" name="testInjectTheSeed" finished-at="2022-03-30T08:36:02 CEST" duration-ms="0" status="PASS">
          <reporter-output>
          </reporter-output>
        </test-method> <!-- testInjectTheSeed -->
        <test-method is-config="true" signature="setup()[pri:0, instance:com.epam.gameoflife.MatrixTest@6ccdb29f]" started-at="2022-03-30T08:36:02 CEST" name="setup" finished-at="2022-03-30T08:36:02 CEST" duration-ms="3" status="PASS">
          <reporter-output>
          </reporter-output>
        </test-method> <!-- setup -->
        <test-method signature="testRedefineTheSizeOfTheMatrix()[pri:0, instance:com.epam.gameoflife.MatrixTest@6ccdb29f]" started-at="2022-03-30T08:36:02 CEST" name="testRedefineTheSizeOfTheMatrix" finished-at="2022-03-30T08:36:02 CEST" duration-ms="0" status="PASS">
          <reporter-output>
          </reporter-output>
        </test-method> <!-- testRedefineTheSizeOfTheMatrix -->
      </class> <!-- com.epam.gameoflife.MatrixTest -->
      <class name="com.epam.gameoflife.GameTest">
        <test-method signature="testGameWorldCreation(com.epam.gameoflife.tick.Shapes,int,int,java.lang.String)[pri:0, instance:com.epam.gameoflife.GameTest@34c01041]" started-at="2022-03-30T08:36:02 CEST" name="testGameWorldCreation" data-provider="dp" finished-at="2022-03-30T08:36:02 CEST" duration-ms="1" status="PASS">
          <params>
            <param index="0">
              <value>
                <![CDATA[DOT]]>
              </value>
            </param>
            <param index="1">
              <value>
                <![CDATA[1]]>
              </value>
            </param>
            <param index="2">
              <value>
                <![CDATA[1]]>
              </value>
            </param>
            <param index="3">
              <value>
                <![CDATA[1]]>
              </value>
            </param>
          </params>
          <reporter-output>
          </reporter-output>
        </test-method> <!-- testGameWorldCreation -->
      </class> <!-- com.epam.gameoflife.GameTest -->
      <class name="com.epam.gameoflife.ShapesTest">
        <test-method signature="testNumberToShape()[pri:0, instance:com.epam.gameoflife.ShapesTest@76f4b65]" started-at="2022-03-30T08:36:02 CEST" name="testNumberToShape" finished-at="2022-03-30T08:36:02 CEST" duration-ms="0" status="PASS">
          <reporter-output>
          </reporter-output>
        </test-method> <!-- testNumberToShape -->
      </class> <!-- com.epam.gameoflife.ShapesTest -->
    </test> <!-- Surefire test -->
  </suite> <!-- Surefire suite -->
</testng-results>
